C51 COMPILER V9.54   MAIN                                                                  02/29/2024 12:30:32 PAGE 1   


C51 COMPILER V9.54, COMPILATION OF MODULE MAIN
OBJECT MODULE PLACED IN .\Objects\main.obj
COMPILER INVOKED BY: C:\Keil_v5\C51\BIN\C51.EXE main.c OPTIMIZE(8,SPEED) BROWSE DEBUG OBJECTEXTEND PRINT(.\Listings\main
                    -.lst) TABS(2) OBJECT(.\Objects\main.obj)

line level    source

   1          #include <REGX52.H>
   2          #include "LCD1602.h"
   3          #include "Delay.h"
   4          #include "MatrixKey.h"
   5          
   6          unsigned char KeyNum;
   7          
   8          void main()
   9          {
  10   1        LCD_Init();//初始化LCD矩阵
  11   1        LCD_ShowString(1,1,"MatrixKey");//第一行显示字符串
  12   1        while(1)
  13   1        {
  14   2          KeyNum=MatrixKeyNum();
  15   2          if(KeyNum){
  16   3            LCD_ShowNum(2,1,KeyNum,2);
  17   3          }
  18   2          //这里加一个if判断---当下一个按键按下之前，keynum被赋予0，便不会执行十进制
             -显示命令
  19   2          //便可以一直显示上一个keynum的值在LCD1602的屏幕上
  20   2        }
  21   1        
  22   1        
  23   1      }


MODULE INFORMATION:   STATIC OVERLAYABLE
   CODE SIZE        =     40    ----
   CONSTANT SIZE    =     10    ----
   XDATA SIZE       =   ----    ----
   PDATA SIZE       =   ----    ----
   DATA SIZE        =      1    ----
   IDATA SIZE       =   ----    ----
   BIT SIZE         =   ----    ----
END OF MODULE INFORMATION.


C51 COMPILATION COMPLETE.  0 WARNING(S),  0 ERROR(S)
