C51 COMPILER V9.54   DS18B20                                                               03/12/2024 13:16:41 PAGE 1   


C51 COMPILER V9.54, COMPILATION OF MODULE DS18B20
OBJECT MODULE PLACED IN .\Objects\DS18B20.obj
COMPILER INVOKED BY: C:\Keil_v5\C51\BIN\C51.EXE DS18B20.c OPTIMIZE(8,SPEED) BROWSE DEBUG OBJECTEXTEND PRINT(.\Listings\D
                    -S18B20.lst) TABS(2) OBJECT(.\Objects\DS18B20.obj)

line level    source

   1          #include <REGX52.H>
   2          #include "OneWire.h"
   3          
   4          #define DS18B20_SKIP_ROM          0xCC
   5          #define DS18B20_CONVERT_T         0x44
   6          #define DS18B20_READ_SCRATCHPAD   0xBE
   7          
   8          
   9          void BS18B20_ConvertT(void)
  10          {
  11   1          OneWire_Init();
  12   1          OneWire_SendByte(DS18B20_SKIP_ROM);
  13   1          OneWire_SendByte(DS18B20_CONVERT_T);
  14   1        
  15   1      }
  16          
  17          float DS18B20_ReadT(void)
  18          {
  19   1          unsigned char TLSB,TMSB;
  20   1          int Temp;
  21   1          float T;
  22   1          OneWire_Init();
  23   1          OneWire_SendByte(DS18B20_SKIP_ROM);
  24   1          OneWire_SendByte(DS18B20_READ_SCRATCHPAD);//总线控制权交给从机
  25   1          TLSB=OneWire_ReceiveByte();
  26   1          TMSB=OneWire_ReceiveByte();//拿出温度的两个字节
  27   1          Temp=(TMSB<<8)|TLSB;
  28   1          T=Temp/16.0;
  29   1          return T;
  30   1      }


MODULE INFORMATION:   STATIC OVERLAYABLE
   CODE SIZE        =     57    ----
   CONSTANT SIZE    =   ----    ----
   XDATA SIZE       =   ----    ----
   PDATA SIZE       =   ----    ----
   DATA SIZE        =   ----       1
   IDATA SIZE       =   ----    ----
   BIT SIZE         =   ----    ----
END OF MODULE INFORMATION.


C51 COMPILATION COMPLETE.  0 WARNING(S),  0 ERROR(S)
