C51 COMPILER V9.54   ONEWIRE                                                               03/12/2024 13:04:28 PAGE 1   


C51 COMPILER V9.54, COMPILATION OF MODULE ONEWIRE
OBJECT MODULE PLACED IN .\Objects\OneWire.obj
COMPILER INVOKED BY: C:\Keil_v5\C51\BIN\C51.EXE OneWire.c OPTIMIZE(8,SPEED) BROWSE DEBUG OBJECTEXTEND PRINT(.\Listings\O
                    -neWire.lst) TABS(2) OBJECT(.\Objects\OneWire.obj)

line level    source

   1          #include <REGX52.H>
   2          
   3          sbit OneWire_DQ=P3^7;
   4          
   5          
   6          unsigned char OneWire_Init(void)
   7          {
   8   1        unsigned char i;
   9   1        unsigned char AckBit;//应答位
  10   1        OneWire_DQ=1;
  11   1        OneWire_DQ=0;//先拉高再拉低
  12   1        i = 247;while (--i);  //Delay 500us
  13   1        OneWire_DQ=1;
  14   1        i = 32;while (--i);  //Delay 70us
  15   1        AckBit=OneWire_DQ;
  16   1        i = 247;while (--i);  //Delay 500us
  17   1        return AckBit;
  18   1      }
  19          
  20          
  21          void OneWire_SendBit(unsigned char Bit)
  22          {
  23   1        unsigned char i;
  24   1        OneWire_DQ=0;
  25   1        i = 4;while (--i);  //Delay 10us
  26   1        OneWire_DQ=Bit;//取决于bit的值，如果为0就一直为0 50us，然后拉高
  27   1        i = 24;while (--i);  //Delay 50us
  28   1        OneWire_DQ=1;
  29   1      } 
  30          
  31          
  32          unsigned char OneWire_ReceiveBit(void)
  33          {
  34   1        unsigned char i;
  35   1        unsigned char Bit;
  36   1        OneWire_DQ=0;
  37   1        i = 2;while (--i);  //Delay 5us
  38   1        OneWire_DQ=1;
  39   1        i = 2;while (--i);  //Delay 5us
  40   1        Bit=OneWire_DQ;
  41   1        i = 24;while (--i);  //Delay 50us
  42   1        return Bit;
  43   1      }
  44          
  45          
  46          void OneWire_SendByte(unsigned char Byte)
  47          {
  48   1        unsigned char i;
  49   1        for(i=0;i<8;i++)
  50   1        {
  51   2          OneWire_SendBit(Byte&(0x01<<i));
  52   2        }
  53   1      }
  54          
C51 COMPILER V9.54   ONEWIRE                                                               03/12/2024 13:04:28 PAGE 2   

  55          unsigned char OneWire_ReceiveByte(void)
  56          {
  57   1        unsigned char i;
  58   1        unsigned char Byte=0x00;
  59   1        for(i=0;i<8;i++)
  60   1        {
  61   2          if(OneWire_ReceiveBit()){Byte|=(0x01<<i);}
  62   2        }
  63   1        return Byte;
  64   1        
  65   1      }


MODULE INFORMATION:   STATIC OVERLAYABLE
   CODE SIZE        =    122    ----
   CONSTANT SIZE    =   ----    ----
   XDATA SIZE       =   ----    ----
   PDATA SIZE       =   ----    ----
   DATA SIZE        =   ----    ----
   IDATA SIZE       =   ----    ----
   BIT SIZE         =   ----    ----
END OF MODULE INFORMATION.


C51 COMPILATION COMPLETE.  0 WARNING(S),  0 ERROR(S)
