C51 COMPILER V9.54   MAIN                                                                  03/11/2024 22:37:00 PAGE 1   


C51 COMPILER V9.54, COMPILATION OF MODULE MAIN
OBJECT MODULE PLACED IN .\Objects\main.obj
COMPILER INVOKED BY: C:\Keil_v5\C51\BIN\C51.EXE main.c OPTIMIZE(8,SPEED) BROWSE DEBUG OBJECTEXTEND PRINT(.\Listings\main
                    -.lst) TABS(2) OBJECT(.\Objects\main.obj)

line level    source

   1          #include <REGX52.H>
   2          #include "LCD1602.h"
   3          #include "Key.h"
   4          #include "AT24C02.h"
   5          #include "Delay.h"
   6          
   7          unsigned char KeyNum;
   8          unsigned int Num;//申请一个4个字节变量
   9          
  10          void main()
  11          {
  12   1        LCD_Init();
  13   1        LCD_ShowNum(1,1,Num,5);
  14   1        while(1)
  15   1        {
  16   2          KeyNum=key();
*** WARNING C206 IN LINE 16 OF main.c: 'key': missing function-prototype
  17   2          if(KeyNum==1)
  18   2          {
  19   3            Num++;
  20   3            LCD_ShowNum(1,1,Num,5);
  21   3          }
  22   2          if(KeyNum==2)
  23   2          { 
  24   3            Num--;
  25   3            LCD_ShowNum(1,1,Num,5);
  26   3          }
  27   2          //写入地址
  28   2          if(KeyNum==3)
  29   2          {
  30   3            //分别写入高,低八位
  31   3            AT24C02_WriteByte(0,Num%256);
  32   3            Delay(5);
  33   3            AT24C02_WriteByte(1,Num/256);
  34   3            Delay(5);
  35   3            LCD_ShowString(2,1,"Write OK");
  36   3            Delay(1000);
  37   3            LCD_ShowString(2,1,"        ");
  38   3          }
  39   2          
  40   2          //读出数据
  41   2          if(KeyNum==4)
  42   2          {
  43   3            Num=AT24C02_ReadByte(0);
  44   3            Num=AT24C02_ReadByte(1)<<8;
  45   3            LCD_ShowNum(1,1,Num,5);
  46   3            LCD_ShowString(2,1,"Read OK");
  47   3            Delay(1000);
  48   3            LCD_ShowString(2,1,"         ");
  49   3          }
  50   2        }
  51   1      }


C51 COMPILER V9.54   MAIN                                                                  03/11/2024 22:37:00 PAGE 2   

MODULE INFORMATION:   STATIC OVERLAYABLE
   CODE SIZE        =    223    ----
   CONSTANT SIZE    =     36    ----
   XDATA SIZE       =   ----    ----
   PDATA SIZE       =   ----    ----
   DATA SIZE        =      3    ----
   IDATA SIZE       =   ----    ----
   BIT SIZE         =   ----    ----
END OF MODULE INFORMATION.


C51 COMPILATION COMPLETE.  1 WARNING(S),  0 ERROR(S)
