C51 COMPILER V9.54   KEY                                                                   03/12/2024 15:59:08 PAGE 1   


C51 COMPILER V9.54, COMPILATION OF MODULE KEY
OBJECT MODULE PLACED IN .\Objects\Key.obj
COMPILER INVOKED BY: C:\Keil_v5\C51\BIN\C51.EXE Key.c OPTIMIZE(8,SPEED) BROWSE DEBUG OBJECTEXTEND PRINT(.\Listings\Key.l
                    -st) TABS(2) OBJECT(.\Objects\Key.obj)

line level    source

   1          #include <REGX52.H>
   2          #include "Delay.h"
   3          
   4          unsigned char Key_KeyNumber;
   5          
   6          unsigned char Key(void)
   7          {
   8   1        unsigned char Temp;
   9   1        Temp=Key_KeyNumber;
  10   1        Key_KeyNumber=0;//这里的值要清零，再返回原先的keynumber值
  11   1        return Temp;
  12   1      }
  13          /**
  14            * @brief  获取独立按键键码
  15            * @param  无
  16            * @retval 按下按键的键码，范围：0~4，无按键按下时返回值为0
  17            */
  18          unsigned char Key_GetState()
  19          {
  20   1        unsigned char KeyNumber=0;
  21   1        
  22   1        if(P3_1==0){KeyNumber=1;}
  23   1        if(P3_0==0){KeyNumber=2;}
  24   1        if(P3_2==0){KeyNumber=3;}
  25   1        if(P3_3==0){KeyNumber=4;}
  26   1        
  27   1        return KeyNumber;
  28   1      }
  29          
  30          void Key_Loop(void)
  31          {
  32   1        static unsigned char NowState,LastState;
  33   1        LastState=NowState;
  34   1        NowState=Key_GetState();
  35   1        //四个按键弹起来的边缘,按下没效，松手有效
  36   1        if(LastState==1 && NowState==0)
  37   1        {
  38   2          Key_KeyNumber=1;
  39   2        }
  40   1        if(LastState==2 && NowState==0)
  41   1        {
  42   2          Key_KeyNumber=2;
  43   2        }
  44   1        if(LastState==3 && NowState==0)
  45   1        {
  46   2          Key_KeyNumber=3;
  47   2        }
  48   1        if(LastState==4 && NowState==0)
  49   1        {
  50   2          Key_KeyNumber=4;
  51   2        }
  52   1        
  53   1      }

C51 COMPILER V9.54   KEY                                                                   03/12/2024 15:59:08 PAGE 2   


MODULE INFORMATION:   STATIC OVERLAYABLE
   CODE SIZE        =     85    ----
   CONSTANT SIZE    =   ----    ----
   XDATA SIZE       =   ----    ----
   PDATA SIZE       =   ----    ----
   DATA SIZE        =      3    ----
   IDATA SIZE       =   ----    ----
   BIT SIZE         =   ----    ----
END OF MODULE INFORMATION.


C51 COMPILATION COMPLETE.  0 WARNING(S),  0 ERROR(S)
