C51 COMPILER V9.54   MAIN                                                                  03/12/2024 16:42:59 PAGE 1   


C51 COMPILER V9.54, COMPILATION OF MODULE MAIN
OBJECT MODULE PLACED IN .\Objects\main.obj
COMPILER INVOKED BY: C:\Keil_v5\C51\BIN\C51.EXE main.c OPTIMIZE(8,SPEED) BROWSE DEBUG OBJECTEXTEND PRINT(.\Listings\main
                    -.lst) TABS(2) OBJECT(.\Objects\main.obj)

line level    source

   1          #include <REGX52.H>
   2          #include "DS18B20.h"
   3          #include "LCD1602.h"
   4          #include "Delay.h"
   5          #include "AT24C02.h"
   6          #include "Key.h"
   7          #include "Timer0.h"
   8          
   9          
  10          float T,TShow;
  11          char TLow,THigh;
  12          unsigned char KeyNum;
  13          
  14          
  15          void main()
  16          {
  17   1        DS18B20_ConvertT(); //‰∏äÁîµÂÖàËΩ¨Êç¢‰∏ÄÊ¨°Ê∏©Â∫¶ÔºåÈò≤Ê≠¢Á¨¨‰∏ÄÊ¨°ËØªÊï∞Êï∞ÊçÆÈîôËØØ
  18   1        Delay(1000); //Âª∂Ëøü1s Á≠âÂæÖËΩ¨Êç¢ÂÆåÊàê
  19   1        THigh=AT24C02_ReadByte(0); 
  20   1        TLow=AT24C02_ReadByte(1);
  21   1        if(THigh>125||TLow<-55||THigh<=TLow)
  22   1        {
  23   2          THigh=20; //Â¶ÇÊûúÈòàÂÄºÈùûÊ≥ïÔºåÂàôËÆæ‰∏∫ÈªòËÆ§ÂÄº
  24   2          TLow=-10;
  25   2        }
  26   1        LCD_Init();
  27   1        LCD_ShowString(1,1,"T:");
  28   1        LCD_ShowString(2,1,"TH:");
  29   1        LCD_ShowString(2,9,"TL:");
  30   1        LCD_ShowSignedNum(2,4,THigh,3);
  31   1        LCD_ShowSignedNum(2,12,TLow,3);
  32   1        Timer0_Init(); //ÂÆöÊó∂Âô®ÂàùÂßãÂåñ
  33   1        
  34   1        while(1)
  35   1        {
  36   2          KeyNum=Key();
  37   2          
  38   2          /*Ê∏©Â∫¶ËØªÂèñÂèäÊòæÁ§∫*/
  39   2          DS18B20_ConvertT(); //ËΩ¨Êç¢Ê∏©Â∫¶
  40   2          T=DS18B20_ReadT(); //ËØªÂèñÊ∏©Â∫¶
  41   2          if(T<0)   //Â¶ÇÊûúÊ∏©Â∫¶Â∞è‰∫é0
  42   2          {
  43   3            LCD_ShowChar(1,3,'-');
  44   3            TShow=-T;
  45   3          }
  46   2          else  //Â¶ÇÊûúÊ∏©Â∫¶Â§ß‰∫éÁ≠â‰∫é0
  47   2          {
  48   3            LCD_ShowChar(1,3,'+');
  49   3            TShow=T;
  50   3          }
  51   2          LCD_ShowNum(1,4,TShow,3); //ÊòæÁ§∫Ê∏©Â∫¶Êï¥Êï∞ÈÉ®ÂàÜ
  52   2          LCD_ShowChar(1,7,'.'); //ÊòæÁ§∫Â∞èÊï∞ÁÇπ
  53   2          LCD_ShowNum(1,8,(unsigned long)(TShow*100)%100,2); //ÊòæÁ§∫Â∞èÊï∞ÁöÑÂâç‰∏§‰Ωç
  54   2          
C51 COMPILER V9.54   MAIN                                                                  03/12/2024 16:42:59 PAGE 2   

  55   2          /*ÈòàÂÄºÂà§Êñ≠ÂèäÊòæÁ§∫*/
  56   2          if(KeyNum)
  57   2          {
  58   3              if(KeyNum==1) //K1ÊåâÈîÆÔºåTHighËá™Â¢û
  59   3            {
  60   4              THigh++;
  61   4              if(THigh>125){THigh=125;}
  62   4            }
  63   3            if(KeyNum==2)  //K2ÊåâÈîÆÔºåTHighËá™Èôç
  64   3            {
  65   4              THigh--;
  66   4              if(THigh<=TLow){THigh++;}
  67   4            }
  68   3            if(KeyNum==3) //K3ÊåâÈîÆÔºåTLowËá™Âä†
  69   3            {
  70   4              TLow++;
  71   4              if(TLow>=THigh){TLow--;}
  72   4            }
  73   3            if(KeyNum==4) //K4ÊåâÈîÆÔºåTLowËá™Âáè
  74   3            {
  75   4              TLow--;
  76   4              if(TLow<-55){TLow=-55;}
  77   4            }
  78   3            LCD_ShowSignedNum(2,4,THigh,3);//ÊòæÁ§∫ÈòàÂÄºÊï∞ÊçÆ
  79   3            LCD_ShowSignedNum(2,12,TLow,3);
  80   3            AT24C02_WriteByte(0,THigh); //ÂÜôÂÖ•Âà∞AT24C02‰∏≠‰øùÂ≠òËµ∑Êù•
  81   3            Delay(5);
  82   3            AT24C02_WriteByte(1,TLow);
  83   3            Delay(5);
  84   3          }
  85   2          if(T>THigh)//Ë∂äÁïåÂà§Êñ≠
  86   2          {
  87   3            LCD_ShowString(1,13,"OV:H");
  88   3          }
  89   2          else if(T<TLow)
  90   2          {
  91   3            LCD_ShowString(1,13,"OV:L");
  92   3          }
  93   2          else
  94   2          {
  95   3            LCD_ShowString(1,13,"    ");
  96   3          }
  97   2          
  98   2        }
  99   1      }
 100          
 101          
 102          void Timer0_Routine() interrupt 1 //‰∏≠Êñ≠Â∞èÁ®ãÂ∫è
 103          {
 104   1        static unsigned int T0Count; //Â±ÄÈÉ®ÈùôÊÄÅÂèòÈáèÔºåÈò≤Ê≠¢ÂáΩÊï∞ÁªìÊùüÂêéÔºåËØ•ÂèòÈáèÁöÑÊï∞Ê∏ÖÈõ∂ÔºåÂØºËá
             -¥Êó†Ê≥ïÁ¥ØÂä†
 105   1        TL0 = 0x18;   //ËÆæÁΩÆÂÆöÊó∂ÂàùÂÄº
 106   1        TH0 = 0xFC;   //ËÆæÁΩÆÂÆöÊó∂ÂàùÂÄº
 107   1        T0Count++;
 108   1        if(T0Count>=20)
 109   1          {
 110   2            T0Count=0;
 111   2            Key_Loop();//ÊåâÈîÆÂØπÊó∂Â∫èÊÄßË¶ÅÊ±ÇÂπ∂‰∏çÊòØÈùûÂ∏∏È´ò
 112   2          }
 113   1      }
 114          
 115          
C51 COMPILER V9.54   MAIN                                                                  03/12/2024 16:42:59 PAGE 3   



MODULE INFORMATION:   STATIC OVERLAYABLE
   CODE SIZE        =    629    ----
   CONSTANT SIZE    =     26    ----
   XDATA SIZE       =   ----    ----
   PDATA SIZE       =   ----    ----
   DATA SIZE        =     13    ----
   IDATA SIZE       =   ----    ----
   BIT SIZE         =   ----    ----
END OF MODULE INFORMATION.


C51 COMPILATION COMPLETE.  0 WARNING(S),  0 ERROR(S)
