C51 COMPILER V9.54   ONEWIRE                                                               03/13/2024 20:20:49 PAGE 1   


C51 COMPILER V9.54, COMPILATION OF MODULE ONEWIRE
OBJECT MODULE PLACED IN .\Objects\OneWire.obj
COMPILER INVOKED BY: C:\Keil_v5\C51\BIN\C51.EXE OneWire.c OPTIMIZE(8,SPEED) BROWSE DEBUG OBJECTEXTEND PRINT(.\Listings\O
                    -neWire.lst) TABS(2) OBJECT(.\Objects\OneWire.obj)

line level    source

   1          #include <REGX52.H>
   2          //引脚定义
   3          sbit OneWire_DQ=P3^7;
   4          
   5          /**
   6            * @brief  单总线初始化  
   7            * @param  无
   8            * @retval 从机响应，0为响应，1为未响应
   9            */
  10          unsigned char OneWire_Init(void)
  11          {
  12   1        unsigned char i;
  13   1        unsigned char AckBit;//应答位
  14   1        OneWire_DQ=1;
  15   1        OneWire_DQ=0;//先拉高再拉低
  16   1        i = 247;while (--i);  //Delay 500us
  17   1        OneWire_DQ=1;
  18   1        i = 32;while (--i);  //Delay 70us
  19   1        AckBit=OneWire_DQ;
  20   1        i = 247;while (--i);  //Delay 500us
  21   1        return AckBit;
  22   1      }
  23          
  24          /**
  25            * @brief  单总线发送一位  
  26            * @param  Bit 要发送的位
  27            * @retval 无
  28            */
  29          void OneWire_SendBit(unsigned char Bit)
  30          {
  31   1        unsigned char i;
  32   1        EA=0; //执行时，关闭中断，单总线正常通信
  33   1        OneWire_DQ=0;
  34   1        i = 4;while (--i);  //Delay 10us
  35   1        OneWire_DQ=Bit;//取决于bit的值，如果为0就一直为0 50us，然后拉高
  36   1        i = 24;while (--i);  //Delay 50us
  37   1        OneWire_DQ=1;
  38   1        EA=1;
  39   1      } 
  40          
  41          /**
  42            * @brief  单总线接收一位  
  43            * @param  无
  44            * @retval 读取的位
  45            */
  46          unsigned char OneWire_ReceiveBit(void)
  47          {
  48   1        unsigned char i;
  49   1        unsigned char Bit;
  50   1        EA=0;
  51   1        OneWire_DQ=0;
  52   1        i = 2;while (--i);  //Delay 5us
  53   1        OneWire_DQ=1;
  54   1        i = 2;while (--i);  //Delay 5us
C51 COMPILER V9.54   ONEWIRE                                                               03/13/2024 20:20:49 PAGE 2   

  55   1        Bit=OneWire_DQ;
  56   1        i = 24;while (--i);  //Delay 50us
  57   1        EA=1;
  58   1        return Bit;
  59   1      }
  60          
  61          /**
  62            * @brief  单总线发送一个字节  
  63            * @param  Byte 要发送的字节
  64            * @retval 无
  65            */
  66          void OneWire_SendByte(unsigned char Byte)
  67          {
  68   1        unsigned char i;
  69   1        for(i=0;i<8;i++)
  70   1        {
  71   2          OneWire_SendBit(Byte&(0x01<<i));
  72   2        }
  73   1      }
  74          
  75          /**
  76            * @brief  单总线接收一个字节  
  77            * @param  无
  78            * @retval 接收一个字节
  79            */
  80          unsigned char OneWire_ReceiveByte(void)
  81          {
  82   1        unsigned char i;
  83   1        unsigned char Byte=0x00;
  84   1        for(i=0;i<8;i++)
  85   1        {
  86   2          if(OneWire_ReceiveBit()){Byte|=(0x01<<i);}
  87   2        }
  88   1        return Byte;
  89   1        
  90   1      }


MODULE INFORMATION:   STATIC OVERLAYABLE
   CODE SIZE        =    130    ----
   CONSTANT SIZE    =   ----    ----
   XDATA SIZE       =   ----    ----
   PDATA SIZE       =   ----    ----
   DATA SIZE        =   ----    ----
   IDATA SIZE       =   ----    ----
   BIT SIZE         =   ----    ----
END OF MODULE INFORMATION.


C51 COMPILATION COMPLETE.  0 WARNING(S),  0 ERROR(S)
