C51 COMPILER V9.54   TIMER0                                                                03/12/2024 16:02:36 PAGE 1   


C51 COMPILER V9.54, COMPILATION OF MODULE TIMER0
OBJECT MODULE PLACED IN .\Objects\Timer0.obj
COMPILER INVOKED BY: C:\Keil_v5\C51\BIN\C51.EXE Timer0.c OPTIMIZE(8,SPEED) BROWSE DEBUG OBJECTEXTEND PRINT(.\Listings\Ti
                    -mer0.lst) TABS(2) OBJECT(.\Objects\Timer0.obj)

line level    source

   1          #include <REGX52.H>
   2          
   3          /**
   4            * @brief  å®šæ—¶å™¨0çš„åˆå§‹åŒ–  1æ¯«ç§’@12.000MHz
   5            * @param  æ— 
   6            * @retval æ— 
   7            */
   8          
   9          
  10          void Timer0_Init(void)    //1æ¯«ç§’@12.000MHz
  11          {
  12   1        TMOD &= 0xF0;   //è®¾ç½®å®šæ—¶å™¨æ¨¡å¼
  13   1        TMOD |= 0x01;   //è®¾ç½®å®šæ—¶å™¨æ¨¡å¼
  14   1        TL0 = 0x18;   //è®¾ç½®å®šæ—¶åˆå€¼
  15   1        TH0 = 0xFC;   //è®¾ç½®å®šæ—¶åˆå€¼
  16   1        TF0 = 0;    //æ¸…é™¤TF0æ ‡å¿—
  17   1        TR0 = 1;    //å®šæ—¶å™¨0å¼€å§‹è®¡æ—¶
  18   1        ET0=1;
  19   1        EA=1;
  20   1        PT0=0; //ä½Žä¼˜å…ˆçº§
  21   1      }
  22          
  23          
  24          
  25          
  26          
  27          /* æ¨¡æ¿ï¼Œæ¯æ¬¡ä½¿ç”¨æ—¶ï¼Œå¯ä»¥å¤åˆ¶åˆ°main.cä¸­åŽ»
  28          void Timer0_Routine() interrupt 1 //ä¸­æ–­å°ç¨‹åº
  29          {
  30            static unsigned int T0Count; //å±€éƒ¨é™æ€å˜é‡ï¼Œé˜²æ­¢å‡½æ•°ç»“æŸåŽï¼Œè¯¥å˜é‡çš„æ•°æ¸…é›¶ï¼Œå¯¼è‡
             -´æ— æ³•ç´¯åŠ 
  31            TL0 = 0x18;   //è®¾ç½®å®šæ—¶åˆå€¼
  32            TH0 = 0xFC;   //è®¾ç½®å®šæ—¶åˆå€¼
  33            T0Count++;
  34            if(T0Count>=1000){
  35                T0Count=0;
  36            }
  37          }
  38          */


MODULE INFORMATION:   STATIC OVERLAYABLE
   CODE SIZE        =     23    ----
   CONSTANT SIZE    =   ----    ----
   XDATA SIZE       =   ----    ----
   PDATA SIZE       =   ----    ----
   DATA SIZE        =   ----    ----
   IDATA SIZE       =   ----    ----
   BIT SIZE         =   ----    ----
END OF MODULE INFORMATION.


C51 COMPILATION COMPLETE.  0 WARNING(S),  0 ERROR(S)
