C51 COMPILER V9.54   BUZZER                                                                03/10/2024 13:27:51 PAGE 1   


C51 COMPILER V9.54, COMPILATION OF MODULE BUZZER
OBJECT MODULE PLACED IN .\Objects\Buzzer.obj
COMPILER INVOKED BY: C:\Keil_v5\C51\BIN\C51.EXE Buzzer.c OPTIMIZE(8,SPEED) BROWSE DEBUG OBJECTEXTEND PRINT(.\Listings\Bu
                    -zzer.lst) TABS(2) OBJECT(.\Objects\Buzzer.obj)

line level    source

   1          #include <REGX52.H>
   2          #include <INTRINS.H>
   3          //蜂鸣器端口
   4          sbit Buzzer=P2^5; //新版普中的BZ引脚是P2_5
   5          unsigned int i;
   6          
   7          //延时500us
   8          /**
   9            * @brief    蜂鸣器私有延时函数，延时500us
  10            * @param  无
  11            * @retval 无
  12            */
  13          void Buzzer_Delay500us()    //@12.000MHz
  14          {
  15   1        unsigned char i;
  16   1      
  17   1        _nop_();
  18   1        i = 247;
  19   1        while (--i);
  20   1      }
  21          
  22          
  23          /**
  24            * @brief   蜂鸣器发声 
  25            * @param    ms 发声的时间
  26            * @retval   无
  27            */
  28          void Buzzer_Time(unsigned int ms)
  29          {
  30   1          for(i=0;i<ms*2;i++)
  31   1            {
  32   2                Buzzer=!Buzzer;
  33   2                Buzzer_Delay500us();
  34   2              //之前是延时1ms，现在是0.5ms，所有ms需要*2
  35   2            }
  36   1        
  37   1      }


MODULE INFORMATION:   STATIC OVERLAYABLE
   CODE SIZE        =     47    ----
   CONSTANT SIZE    =   ----    ----
   XDATA SIZE       =   ----    ----
   PDATA SIZE       =   ----    ----
   DATA SIZE        =      2    ----
   IDATA SIZE       =   ----    ----
   BIT SIZE         =   ----    ----
END OF MODULE INFORMATION.


C51 COMPILATION COMPLETE.  0 WARNING(S),  0 ERROR(S)
