C51 COMPILER V9.54   MAIN                                                                  03/14/2024 16:24:02 PAGE 1   


C51 COMPILER V9.54, COMPILATION OF MODULE MAIN
OBJECT MODULE PLACED IN .\Objects\main.obj
COMPILER INVOKED BY: C:\Keil_v5\C51\BIN\C51.EXE main.c OPTIMIZE(8,SPEED) BROWSE DEBUG OBJECTEXTEND PRINT(.\Listings\main
                    -.lst) TABS(2) OBJECT(.\Objects\main.obj)

line level    source

   1          #include <REGX52.H>
   2          
   3          sbit LED=P2^0;
   4          
   5          void Delay(unsigned int x)
   6          {
   7   1          while(x--);
   8   1        
   9   1      }
  10          
  11          //通过主循环以及延时函数来实现PWM（脉冲宽度模式）
  12          void main()
  13          {
  14   1        while(1)
  15   1        {
  16   2          unsigned char Time,i;
  17   2          for(Time=0;Time<100;Time++)
  18   2          {
  19   3            //每个亮度周期循环20次
  20   3            for(i=0;i<20;i++)
  21   3            {
  22   4              LED=0;
  23   4              Delay(Time);
  24   4              LED=1;
  25   4              Delay(100-Time);
  26   4            }
  27   3          //由暗变亮  
  28   3          }
  29   2          for(Time=0;Time<100;Time++)
  30   2          {
  31   3            //每个亮度周期循环20次
  32   3            for(i=0;i<20;i++)
  33   3            {
  34   4              LED=0;
  35   4              Delay(Time);
  36   4              LED=1;
  37   4              Delay(100-Time);
  38   4            }
  39   3          //由亮变暗  
  40   3          }
  41   2        }
  42   1      }


MODULE INFORMATION:   STATIC OVERLAYABLE
   CODE SIZE        =     88    ----
   CONSTANT SIZE    =   ----    ----
   XDATA SIZE       =   ----    ----
   PDATA SIZE       =   ----    ----
   DATA SIZE        =   ----       2
   IDATA SIZE       =   ----    ----
   BIT SIZE         =   ----    ----
END OF MODULE INFORMATION.


C51 COMPILATION COMPLETE.  0 WARNING(S),  0 ERROR(S)
