C51 COMPILER V9.54   MAIN                                                                  03/14/2024 17:16:42 PAGE 1   


C51 COMPILER V9.54, COMPILATION OF MODULE MAIN
OBJECT MODULE PLACED IN .\Objects\main.obj
COMPILER INVOKED BY: C:\Keil_v5\C51\BIN\C51.EXE main.c OPTIMIZE(8,SPEED) BROWSE DEBUG OBJECTEXTEND PRINT(.\Listings\main
                    -.lst) TABS(2) OBJECT(.\Objects\main.obj)

line level    source

   1          #include <REGX52.H>
   2          #include "Delay.h"
   3          #include "Key.h"
   4          #include "Nixie.h"
   5          #include "Timer0.h"
   6          
   7          sbit Motor=P1^0;//电机端口
   8          unsigned char Counter,Compare;
   9          unsigned char KeyNum,Speed;
  10          
  11          void main()
  12          {
  13   1        Timer0_Init();//为了实现PWM
  14   1        while(1)
  15   1        {
  16   2          KeyNum=Key();
  17   2          if(KeyNum==1)
  18   2          {
  19   3            Speed++;
  20   3            Speed%=4; //原理和定时器中断类似
  21   3          }
  22   2          if(Speed==0){Compare=0;}
  23   2          if(Speed==1){Compare=50;}
  24   2          if(Speed==2){Compare=75;}
  25   2          if(Speed==3){Compare=100;}
  26   2          Nixie(1,Speed);
  27   2        }
  28   1      }
  29          
  30          
  31          void Timer0_Routine() interrupt 1 //中断小程序
  32          {
  33   1        TL0 = 0x66;   //设置定时初值
  34   1        TH0 = 0xFC;   //设置定时初值
  35   1        Counter++;
  36   1        Counter%=100; // 效果等效于 if(Counter>=100){Counter=0;}
  37   1        if(Counter<Compare)
  38   1        {
  39   2          Motor=1;//电机在电平为1的时候，启动。
  40   2        }
  41   1        else
  42   1        {
  43   2          Motor=0;
  44   2        }
  45   1      }


MODULE INFORMATION:   STATIC OVERLAYABLE
   CODE SIZE        =    100    ----
   CONSTANT SIZE    =   ----    ----
   XDATA SIZE       =   ----    ----
   PDATA SIZE       =   ----    ----
   DATA SIZE        =      4    ----
   IDATA SIZE       =   ----    ----
C51 COMPILER V9.54   MAIN                                                                  03/14/2024 17:16:42 PAGE 2   

   BIT SIZE         =   ----    ----
END OF MODULE INFORMATION.


C51 COMPILATION COMPLETE.  0 WARNING(S),  0 ERROR(S)
