C51 COMPILER V9.54   MAIN                                                                  03/01/2024 00:21:12 PAGE 1   


C51 COMPILER V9.54, COMPILATION OF MODULE MAIN
OBJECT MODULE PLACED IN .\Objects\main.obj
COMPILER INVOKED BY: C:\Keil_v5\C51\BIN\C51.EXE main.c OPTIMIZE(8,SPEED) BROWSE DEBUG OBJECTEXTEND PRINT(.\Listings\main
                    -.lst) TABS(2) OBJECT(.\Objects\main.obj)

line level    source

   1          #include <REGX52.H>
   2          #include "LCD1602.h"
   3          #include "Delay.h"
   4          #include "MatrixKey.h"
   5          
   6          unsigned char KeyNum=0;
   7          unsigned int password,Count;
   8          
   9          void main()
  10          {
  11   1      
  12   1        LCD_Init();//初始化LCD矩阵
  13   1        LCD_ShowString(1,1,"PassWord:");//第一行显示字符串
  14   1        while(1)
  15   1        {
  16   2          KeyNum=MatrixKeyNum();
  17   2          if(KeyNum)
  18   2          {
  19   3            if(KeyNum<=10)//如果s1-s10按键按下，输入密码
  20   3            {
  21   4              if(Count<4)
  22   4              {
  23   5                password*=10;//密码左移一位
  24   5                password+=KeyNum%10;//获取一位密码
  25   5                Count++;  
  26   5              }
  27   4              LCD_ShowNum(2,1,password,4);//更新显示
  28   4            }
  29   3          }
  30   2          if(KeyNum==11) // 设S11 为 确定按键
  31   2          {
  32   3            if(password==2345) //如果密码等于正确密码
  33   3            {
  34   4              LCD_ShowString(1,14,"OK ");
  35   4              password=0;   //密码清零
  36   4              Count=0;    //计次清零
  37   4              LCD_ShowNum(2,1,password,4);//更新显示
  38   4            }
  39   3            else  ///否则
  40   3            {
  41   4              LCD_ShowString(1,14,"ERR");//显示ERR
  42   4              password=0;   //密码清零
  43   4              Count=0;    //计次清零
  44   4              LCD_ShowNum(2,1,password,4);//更新显示
  45   4            }
  46   3          }
  47   2          if(KeyNum==12)
  48   2          {
  49   3            password=0;   //密码清零
  50   3            Count=0;    //计次清零
  51   3            LCD_ShowNum(2,1,password,4);//更新显示
  52   3          }
  53   2          
  54   2          
C51 COMPILER V9.54   MAIN                                                                  03/01/2024 00:21:12 PAGE 2   

  55   2        }
  56   1        
  57   1        
  58   1      }


MODULE INFORMATION:   STATIC OVERLAYABLE
   CODE SIZE        =    189    ----
   CONSTANT SIZE    =     18    ----
   XDATA SIZE       =   ----    ----
   PDATA SIZE       =   ----    ----
   DATA SIZE        =      5    ----
   IDATA SIZE       =   ----    ----
   BIT SIZE         =   ----    ----
END OF MODULE INFORMATION.


C51 COMPILATION COMPLETE.  0 WARNING(S),  0 ERROR(S)
