C51 COMPILER V9.54   MATRIXKEY                                                             02/29/2024 14:12:25 PAGE 1   


C51 COMPILER V9.54, COMPILATION OF MODULE MATRIXKEY
OBJECT MODULE PLACED IN .\Objects\MatrixKey.obj
COMPILER INVOKED BY: C:\Keil_v5\C51\BIN\C51.EXE MatrixKey.c OPTIMIZE(8,SPEED) BROWSE DEBUG OBJECTEXTEND PRINT(.\Listings
                    -\MatrixKey.lst) TABS(2) OBJECT(.\Objects\MatrixKey.obj)

line level    source

   1          #include <REGX52.H>
   2          #include "Delay.h"
   3          /**
   4            * @brief  矩阵键盘控制LCD屏显示相应的按键键值  
   5            * @param  无
   6            * @retval 按键键值 当相应按键被按下时，若一直没松手，便会停留在循环中，直
             -到手松开，并返回相应的键值。
   7            */
   8          
   9          
  10          unsigned char MatrixKeyNum()
  11          {
  12   1        unsigned char KeyNumber=0;
  13   1        P1=0xFF;//全部至为高位
  14   1        P1_3=0; //第一列
  15   1        if(P1_7==0){Delay(200);while(P1_7==0);Delay(200);KeyNumber=1;}
  16   1        if(P1_6==0){Delay(200);while(P1_6==0);Delay(200);KeyNumber=5;}
  17   1        if(P1_5==0){Delay(200);while(P1_5==0);Delay(200);KeyNumber=9;}
  18   1        if(P1_4==0){Delay(200);while(P1_4==0);Delay(200);KeyNumber=13;}
  19   1        
  20   1        P1=0xFF;//全部至为高位
  21   1        P1_2=0; //第二列
  22   1        if(P1_7==0){Delay(200);while(P1_7==0);Delay(200);KeyNumber=2;}
  23   1        if(P1_6==0){Delay(200);while(P1_6==0);Delay(200);KeyNumber=6;}
  24   1        if(P1_5==0){Delay(200);while(P1_5==0);Delay(200);KeyNumber=10;}
  25   1        if(P1_4==0){Delay(200);while(P1_4==0);Delay(200);KeyNumber=14;}
  26   1        
  27   1        P1=0xFF;//全部至为高位
  28   1        P1_1=0; //第三列
  29   1        if(P1_7==0){Delay(200);while(P1_7==0);Delay(200);KeyNumber=3;}
  30   1        if(P1_6==0){Delay(200);while(P1_6==0);Delay(200);KeyNumber=7;}
  31   1        if(P1_5==0){Delay(200);while(P1_5==0);Delay(200);KeyNumber=11;}
  32   1        if(P1_4==0){Delay(200);while(P1_4==0);Delay(200);KeyNumber=15;}
  33   1        
  34   1        P1=0xFF;//全部至为高位
  35   1        P1_0=0; //第四列
  36   1        if(P1_7==0){Delay(200);while(P1_7==0);Delay(200);KeyNumber=4;}
  37   1        if(P1_6==0){Delay(200);while(P1_6==0);Delay(200);KeyNumber=8;}
  38   1        if(P1_5==0){Delay(200);while(P1_5==0);Delay(200);KeyNumber=12;}
  39   1        if(P1_4==0){Delay(200);while(P1_4==0);Delay(200);KeyNumber=16;}
  40   1        
  41   1        
  42   1        return KeyNumber;
  43   1      }


MODULE INFORMATION:   STATIC OVERLAYABLE
   CODE SIZE        =    393    ----
   CONSTANT SIZE    =   ----    ----
   XDATA SIZE       =   ----    ----
   PDATA SIZE       =   ----    ----
   DATA SIZE        =   ----       1
   IDATA SIZE       =   ----    ----
   BIT SIZE         =   ----    ----
C51 COMPILER V9.54   MATRIXKEY                                                             02/29/2024 14:12:25 PAGE 2   

END OF MODULE INFORMATION.


C51 COMPILATION COMPLETE.  0 WARNING(S),  0 ERROR(S)
