C51 COMPILER V9.54   MAIN                                                                  03/16/2024 11:23:17 PAGE 1   


C51 COMPILER V9.54, COMPILATION OF MODULE MAIN
OBJECT MODULE PLACED IN .\Objects\main.obj
COMPILER INVOKED BY: C:\Keil_v5\C51\BIN\C51.EXE main.c OPTIMIZE(8,SPEED) BROWSE DEBUG OBJECTEXTEND PRINT(.\Listings\main
                    -.lst) TABS(2) OBJECT(.\Objects\main.obj)

line level    source

   1          #include <REGX52.H>
   2          #include "Delay.h"
   3          #include "Key.h"
   4          #include "Nixie.h"
   5          #include "Timer0.h"
   6          
   7          sbit DA=P2^1;//电机端口
   8          unsigned char Counter,Compare;//计数值和比较值，用于输出PWM
   9          unsigned char i;
  10          
  11          void main()
  12          {
  13   1        Timer0_Init();//为了实现PWM
  14   1        while(1)
  15   1        {
  16   2          for(i=0;i<100;i++)
  17   2          {
  18   3            Compare=i;
  19   3            Delay(50);
  20   3          }
  21   2          for(i=100;i>0;i--)
  22   2          {
  23   3            Compare=i;
  24   3            Delay(50);
  25   3          }
  26   2        }
  27   1      }
  28          //Tips:电机刚开始转动是因为，MCU端口开始默认为高电平；所以我们一打开时，它
             -会转动
  29          
  30          
  31          void Timer0_Routine() interrupt 1 //中断小程序
  32          {
  33   1        TL0 = 0x66;   //设置定时初值
  34   1        TH0 = 0xFC;   //设置定时初值
  35   1        Counter++;
  36   1        Counter%=100; // 效果等效于 if(Counter>=100){Counter=0;}
  37   1        if(Counter<Compare) //计算值小于比较值时
  38   1        {
  39   2          DA=1;//电机在电平为1的时候，启动。
  40   2        }
  41   1        else
  42   1        {
  43   2          DA=0;
  44   2        }
  45   1      }


MODULE INFORMATION:   STATIC OVERLAYABLE
   CODE SIZE        =     92    ----
   CONSTANT SIZE    =   ----    ----
   XDATA SIZE       =   ----    ----
   PDATA SIZE       =   ----    ----
   DATA SIZE        =      3    ----
C51 COMPILER V9.54   MAIN                                                                  03/16/2024 11:23:17 PAGE 2   

   IDATA SIZE       =   ----    ----
   BIT SIZE         =   ----    ----
END OF MODULE INFORMATION.


C51 COMPILATION COMPLETE.  0 WARNING(S),  0 ERROR(S)
