C51 COMPILER V9.54   MAIN                                                                  02/25/2024 14:35:30 PAGE 1   


C51 COMPILER V9.54, COMPILATION OF MODULE MAIN
OBJECT MODULE PLACED IN .\Objects\main.obj
COMPILER INVOKED BY: C:\Keil_v5\C51\BIN\C51.EXE main.c OPTIMIZE(8,SPEED) BROWSE DEBUG OBJECTEXTEND PRINT(.\Listings\main
                    -.lst) TABS(2) OBJECT(.\Objects\main.obj)

line level    source

   1          #include <REGX52.H>
   2          void Delay(unsigned int xms)    //@12.000MHz
   3          {
   4   1        unsigned char i, j;
   5   1        while(xms--)
   6   1        {
   7   2            i = 2;
   8   2          j = 239;
   9   2          do
  10   2          {
  11   3            while (--j);
  12   3          } while (--i);
  13   2        }
  14   1      }
  15          unsigned char LEDNum;
  16          
  17          void main()
  18          {
  19   1        P2=~0x01;//初始化
  20   1        while(1)
  21   1        {
  22   2          if(P3_1==0)
  23   2          {
  24   3            Delay(20);
  25   3            while(P3_1==0);
  26   3            Delay(20);
  27   3            
  28   3            LEDNum++;
  29   3            if(LEDNum>=8)
  30   3            {
  31   4              LEDNum=0;
  32   4            }
  33   3            P2=~(0x01<<LEDNum);
  34   3          }
  35   2          if(P3_0==0)
  36   2          {
  37   3            Delay(20);
  38   3            while(P3_0==0);
  39   3            Delay(20);
  40   3            
  41   3            //防止越界
  42   3            if (LEDNum==0)
  43   3            {
  44   4              LEDNum=7;
  45   4            }
  46   3            else
  47   3            {
  48   4              LEDNum--;
  49   4            }
  50   3            P2=~(0x01<<LEDNum);
  51   3            //重新赋值给P2
  52   3          }
  53   2        }
  54   1      }
C51 COMPILER V9.54   MAIN                                                                  02/25/2024 14:35:30 PAGE 2   



MODULE INFORMATION:   STATIC OVERLAYABLE
   CODE SIZE        =    109    ----
   CONSTANT SIZE    =   ----    ----
   XDATA SIZE       =   ----    ----
   PDATA SIZE       =   ----    ----
   DATA SIZE        =      1    ----
   IDATA SIZE       =   ----    ----
   BIT SIZE         =   ----    ----
END OF MODULE INFORMATION.


C51 COMPILATION COMPLETE.  0 WARNING(S),  0 ERROR(S)
