C51 COMPILER V9.54   DS1302                                                                03/09/2024 18:28:05 PAGE 1   


C51 COMPILER V9.54, COMPILATION OF MODULE DS1302
OBJECT MODULE PLACED IN .\Objects\DS1302.obj
COMPILER INVOKED BY: C:\Keil_v5\C51\BIN\C51.EXE DS1302.c OPTIMIZE(8,SPEED) BROWSE DEBUG OBJECTEXTEND PRINT(.\Listings\DS
                    -1302.lst) TABS(2) OBJECT(.\Objects\DS1302.obj)

line level    source

   1          #include <REGX52.H>
   2          
   3          //模块化
   4          sbit DS1302_SCLK=P3^6;
   5          sbit DS1302_IO=P3^4;
   6          sbit DS1302_CE=P3^5;
   7          
   8          //寄存器写入地址/指令定义
   9          #define DS1302_SECOND     0x80
  10          #define DS1302_MINUTE     0x82
  11          #define DS1302_HOUR       0x84
  12          #define DS1302_DATE       0x86
  13          #define DS1302_MONTH      0x88
  14          #define DS1302_DAY        0x8A
  15          #define DS1302_YEAR       0x8C
  16          #define DS1302_WP         0x8E
  17          
  18          
  19          //时间数组，索引0~6分别为年，月，日，时，分，秒，星期，设置为有符号的便
             -<0的判断
  20          char DS1302_Time[]={24,3,9,12,51,55,6};
  21          
  22          /**
  23            * @brief  DS1302的初始化  
  24            * @param  无
  25            * @retval 无
  26            */
  27          void DS1302_Init(void)
  28          {
  29   1        DS1302_CE=0;
  30   1        DS1302_SCLK=0;
  31   1      }
  32          
  33          
  34          /**
  35            * @brief  DS1302写一个字节  
  36            * @param  Command 命令字/地址
  37            * @param  Data要写入的数据
  38            * @retval 无
  39            */
  40          void DS1302_WriteByte(unsigned char Command,Data)
  41          {
  42   1        unsigned char i;
  43   1        DS1302_CE=1;
  44   1        //写入命令
  45   1        for(i=0;i<8;i++){
  46   2            DS1302_IO=Command&(0x01<<i);
  47   2            DS1302_SCLK=1;
  48   2            DS1302_SCLK=0;
  49   2        }
  50   1        
  51   1        //写入数据
  52   1        for(i=0;i<8;i++){
  53   2            DS1302_IO=Data&(0x01<<i);
C51 COMPILER V9.54   DS1302                                                                03/09/2024 18:28:05 PAGE 2   

  54   2            DS1302_SCLK=1;
  55   2            DS1302_SCLK=0;
  56   2        }
  57   1        DS1302_CE=0;
  58   1      }
  59          
  60          /**
  61            * @brief  DS1302读一个字节  
  62            * @param  Command 命令字/地址
  63            * @retval 读出的数据
  64            */
  65          unsigned char DS1302_ReadByte(unsigned char Command)
  66          {
  67   1        unsigned char i,Data=0x00;
  68   1        Command|=0x01;
  69   1        DS1302_CE=1;
  70   1        //写入命令
  71   1        for(i=0;i<8;i++){
  72   2            DS1302_IO=Command&(0x01<<i);
  73   2            DS1302_SCLK=0;
  74   2            DS1302_SCLK=1;
  75   2        }
  76   1        
  77   1        for(i=0;i<8;i++)
  78   1        {
  79   2            DS1302_SCLK=1;
  80   2            DS1302_SCLK=0;
  81   2            if(DS1302_IO){Data|=(0x01<<i);}
  82   2        }
  83   1        DS1302_CE=0;
  84   1        DS1302_IO=0; //读取后将IO设置为0，否则读出的数据会粗错
  85   1        return Data;
  86   1      }
  87          
  88          /**
  89            * @brief   DS1302设置时间，调用之后，DS1302_Time数组的数字会被设置到DS1302中 
  90            * @param   无
  91            * @retval  无
  92            */
  93          void DS1302_SetTime(void)
  94          {
  95   1        DS1302_WriteByte(DS1302_WP,0x00);//关闭写入保护
  96   1        DS1302_WriteByte(DS1302_YEAR,DS1302_Time[0]/10*16+DS1302_Time[0]%10);//十进制转BCD码后写入
  97   1        DS1302_WriteByte(DS1302_MONTH,DS1302_Time[1]/10*16+DS1302_Time[1]%10);
  98   1        DS1302_WriteByte(DS1302_DATE,DS1302_Time[2]/10*16+DS1302_Time[2]%10);
  99   1        DS1302_WriteByte(DS1302_HOUR,DS1302_Time[3]/10*16+DS1302_Time[3]%10);
 100   1        DS1302_WriteByte(DS1302_MINUTE,DS1302_Time[4]/10*16+DS1302_Time[4]%10);
 101   1        DS1302_WriteByte(DS1302_SECOND,DS1302_Time[5]/10*16+DS1302_Time[5]%10);
 102   1        DS1302_WriteByte(DS1302_DAY,DS1302_Time[6]/10*16+DS1302_Time[6]%10);
 103   1        DS1302_WriteByte(DS1302_WP,0x80);//打开写保护
 104   1      }
 105          
 106          /**
 107            * @brief DS1302读取时间，调用之后，DS1302中的数据会被读取到DS1302_Time数组中   
 108            * @param  无
 109            * @retval 无
 110            */
 111          void DS1302_ReadTime(void)
 112          {
 113   1        unsigned char Temp;
 114   1        Temp=DS1302_ReadByte(DS1302_YEAR);
 115   1        DS1302_Time[0]=Temp/16*10+Temp%16;
C51 COMPILER V9.54   DS1302                                                                03/09/2024 18:28:05 PAGE 3   

 116   1        Temp=DS1302_ReadByte(DS1302_MONTH);
 117   1        DS1302_Time[1]=Temp/16*10+Temp%16;
 118   1        Temp=DS1302_ReadByte(DS1302_DATE);
 119   1        DS1302_Time[2]=Temp/16*10+Temp%16;
 120   1        Temp=DS1302_ReadByte(DS1302_HOUR);
 121   1        DS1302_Time[3]=Temp/16*10+Temp%16;
 122   1        Temp=DS1302_ReadByte(DS1302_MINUTE);
 123   1        DS1302_Time[4]=Temp/16*10+Temp%16;
 124   1        Temp=DS1302_ReadByte(DS1302_SECOND);
 125   1        DS1302_Time[5]=Temp/16*10+Temp%16;
 126   1        Temp=DS1302_ReadByte(DS1302_DAY);
 127   1        DS1302_Time[6]=Temp/16*10+Temp%16;
 128   1      }


MODULE INFORMATION:   STATIC OVERLAYABLE
   CODE SIZE        =    694    ----
   CONSTANT SIZE    =   ----    ----
   XDATA SIZE       =   ----    ----
   PDATA SIZE       =   ----    ----
   DATA SIZE        =      7       2
   IDATA SIZE       =   ----    ----
   BIT SIZE         =   ----    ----
END OF MODULE INFORMATION.


C51 COMPILATION COMPLETE.  0 WARNING(S),  0 ERROR(S)
