C51 COMPILER V9.54   MAIN                                                                  03/09/2024 18:16:06 PAGE 1   


C51 COMPILER V9.54, COMPILATION OF MODULE MAIN
OBJECT MODULE PLACED IN .\Objects\main.obj
COMPILER INVOKED BY: C:\Keil_v5\C51\BIN\C51.EXE main.c OPTIMIZE(8,SPEED) BROWSE DEBUG OBJECTEXTEND PRINT(.\Listings\main
                    -.lst) TABS(2) OBJECT(.\Objects\main.obj)

line level    source

   1          #include <REGX52.H>
   2          #include "LCD1602.h"
   3          #include "DS1302.h"
   4          #include "Key.h"
   5          #include "Timer0.h"
   6          
   7          
   8          unsigned char KeyNum,MODE,TimeSetSelect,TimeSetFlashFlag;
   9          
  10          void TimeShow(void)
  11          {
  12   1        DS1302_ReadTime();
  13   1        LCD_ShowNum(1,1,DS1302_Time[0],2);
  14   1        LCD_ShowNum(1,4,DS1302_Time[1],2);
  15   1        LCD_ShowNum(1,7,DS1302_Time[2],2);
  16   1        LCD_ShowNum(2,1,DS1302_Time[3],2);
  17   1        LCD_ShowNum(2,4,DS1302_Time[4],2);
  18   1        LCD_ShowNum(2,7,DS1302_Time[5],2);
  19   1        
  20   1      }
  21          
  22          void TimeSet(void)
  23          {
  24   1        if(KeyNum==2)
  25   1        {
  26   2          TimeSetSelect++;
  27   2          TimeSetSelect%=6;
  28   2        }
  29   1        if(KeyNum==3)
  30   1        {
  31   2          DS1302_Time[TimeSetSelect]++;
  32   2          if(DS1302_Time[0]>99){DS1302_Time[0]=0;}
  33   2          //Êúà
  34   2          if(DS1302_Time[1]>12){DS1302_Time[1]=1;}
  35   2          if(DS1302_Time[1]==1 || DS1302_Time[1]==3 || DS1302_Time[1]==5 || DS1302_Time[1]==7 || DS1302_Time[1]==8
  36   2              || DS1302_Time[1]==10 || DS1302_Time[1]==12)
  37   2          {
  38   3            if(DS1302_Time[2]>31){DS1302_Time[2]=1;}
  39   3          }
  40   2          else if(DS1302_Time[1]==4 || DS1302_Time[1]==6 || DS1302_Time[1]==9 || DS1302_Time[1]==11)
  41   2          {
  42   3                if(DS1302_Time[2]>30){DS1302_Time[2]=1;}
  43   3          }
  44   2          else if(DS1302_Time[1]==2)
  45   2          {
  46   3              if(DS1302_Time[0]%4==0)
  47   3              { //Èó∞Âπ¥
  48   4                if(DS1302_Time[2]>29){DS1302_Time[2]=1;}
  49   4              }
  50   3              else
  51   3              { //Âπ≥Âπ¥
  52   4                if(DS1302_Time[2]>28){DS1302_Time[2]=1;}
  53   4              }
  54   3          }
C51 COMPILER V9.54   MAIN                                                                  03/09/2024 18:16:06 PAGE 2   

  55   2          if(DS1302_Time[3]>23){DS1302_Time[3]=0;}
  56   2          if(DS1302_Time[4]>59){DS1302_Time[4]=0;}
  57   2          if(DS1302_Time[5]>59){DS1302_Time[5]=0;}
  58   2        }
  59   1        if(KeyNum==4)
  60   1        {
  61   2          DS1302_Time[TimeSetSelect]--;
  62   2          if(DS1302_Time[0]<0){DS1302_Time[0]=99;}
  63   2          //Êúà
  64   2          if(DS1302_Time[1]<1){DS1302_Time[1]=12;}
  65   2          if(DS1302_Time[1]==1 || DS1302_Time[1]==3 || DS1302_Time[1]==5 || DS1302_Time[1]==7 || DS1302_Time[1]==8
  66   2              || DS1302_Time[1]==10 || DS1302_Time[1]==12)
  67   2          {
  68   3            if(DS1302_Time[2]<1){DS1302_Time[2]=31;}
  69   3            if(DS1302_Time[2]>31){DS1302_Time[2]=1;}
  70   3          }
  71   2          else if(DS1302_Time[1]==4 || DS1302_Time[1]==6 || DS1302_Time[1]==9 || DS1302_Time[1]==11)
  72   2          {     
  73   3                if(DS1302_Time[2]<1){DS1302_Time[2]=30;}
  74   3                if(DS1302_Time[2]>30){DS1302_Time[2]=1;}
  75   3          }
  76   2          else if(DS1302_Time[1]==2)
  77   2          {
  78   3              if(DS1302_Time[0]%4==0)
  79   3              { //Èó∞Âπ¥
  80   4                if(DS1302_Time[2]<1){DS1302_Time[2]=29;}
  81   4                if(DS1302_Time[2]>29){DS1302_Time[2]=1;}
  82   4              }
  83   3              else
  84   3              { //Âπ≥Âπ¥
  85   4                if(DS1302_Time[2]<1){DS1302_Time[2]=28;}
  86   4                if(DS1302_Time[2]>28){DS1302_Time[2]=1;}
  87   4              }
  88   3          }
  89   2          if(DS1302_Time[3]<0){DS1302_Time[3]=23;}
  90   2          if(DS1302_Time[4]<0){DS1302_Time[4]=59;}
  91   2          if(DS1302_Time[5]<0){DS1302_Time[5]=59;}
  92   2        }
  93   1        if(TimeSetSelect==0 && TimeSetFlashFlag==1){LCD_ShowString(1,1,"  ");}
  94   1        else{LCD_ShowNum(1,1,DS1302_Time[0],2);}
  95   1        if(TimeSetSelect==1 && TimeSetFlashFlag==1){LCD_ShowString(1,4,"  ");}
  96   1        else{LCD_ShowNum(1,4,DS1302_Time[1],2);}
  97   1        if(TimeSetSelect==2 && TimeSetFlashFlag==1){LCD_ShowString(1,7,"  ");}
  98   1        else{LCD_ShowNum(1,7,DS1302_Time[2],2);}
  99   1        if(TimeSetSelect==3 && TimeSetFlashFlag==1){LCD_ShowString(2,1,"  ");}
 100   1        else{LCD_ShowNum(2,1,DS1302_Time[3],2);}
 101   1        if(TimeSetSelect==4 && TimeSetFlashFlag==1){LCD_ShowString(2,4,"  ");}
 102   1        else{LCD_ShowNum(2,4,DS1302_Time[4],2);}
 103   1        if(TimeSetSelect==5 && TimeSetFlashFlag==1){LCD_ShowString(2,7,"  ");}
 104   1        else{LCD_ShowNum(2,7,DS1302_Time[5],2);}
 105   1      } 
 106          
 107          
 108          
 109          void main()
 110          {
 111   1        LCD_Init();
 112   1        DS1302_Init();
 113   1        Timer0Init();
 114   1        LCD_ShowString(1,1,"  -  -  ");
 115   1        LCD_ShowString(2,1,"  :  :  ");
 116   1        DS1302_SetTime();
C51 COMPILER V9.54   MAIN                                                                  03/09/2024 18:16:06 PAGE 3   

 117   1      
 118   1        while(1)
 119   1        {
 120   2          KeyNum=Key();
 121   2          if(KeyNum==1)
 122   2          { 
 123   3            if(MODE==0){MODE=1;}
 124   3            else if(MODE==1){MODE=0;DS1302_SetTime();} //Âä†ÂÖ•ÊîπÂèòÂÆûÈôÖÊòæÁ§∫ÂÄº
 125   3          }
 126   2          switch(MODE)
 127   2          { 
 128   3            case 0:TimeShow();break;
 129   3            case 1:TimeSet();break;
 130   3          }
 131   2        }
 132   1      }
 133          
 134          void Timer0_Routine() interrupt 1 //‰∏≠Êñ≠Â∞èÁ®ãÂ∫è
 135          {
 136   1        static unsigned int T0Count; //Â±ÄÈÉ®ÈùôÊÄÅÂèòÈáèÔºåÈò≤Ê≠¢ÂáΩÊï∞ÁªìÊùüÂêéÔºåËØ•ÂèòÈáèÁöÑÊï∞Ê∏ÖÈõ∂ÔºåÂØºËá
             -¥Êó†Ê≥ïÁ¥ØÂä†
 137   1        TL0 = 0x18;   //ËÆæÁΩÆÂÆöÊó∂ÂàùÂÄº
 138   1        TH0 = 0xFC;   //ËÆæÁΩÆÂÆöÊó∂ÂàùÂÄº
 139   1        T0Count++;
 140   1        if(T0Count>=500){
 141   2            T0Count=0;
 142   2          //ÈÄªËæëÂèñÂèç
 143   2            TimeSetFlashFlag=!TimeSetFlashFlag;
 144   2        }
 145   1      }


MODULE INFORMATION:   STATIC OVERLAYABLE
   CODE SIZE        =    885    ----
   CONSTANT SIZE    =     21    ----
   XDATA SIZE       =   ----    ----
   PDATA SIZE       =   ----    ----
   DATA SIZE        =      6    ----
   IDATA SIZE       =   ----    ----
   BIT SIZE         =   ----    ----
END OF MODULE INFORMATION.


C51 COMPILATION COMPLETE.  0 WARNING(S),  0 ERROR(S)
