C51 COMPILER V9.54   TIMER0                                                                03/09/2024 18:16:07 PAGE 1   


C51 COMPILER V9.54, COMPILATION OF MODULE TIMER0
OBJECT MODULE PLACED IN .\Objects\Timer0.obj
COMPILER INVOKED BY: C:\Keil_v5\C51\BIN\C51.EXE Timer0.c OPTIMIZE(8,SPEED) BROWSE DEBUG OBJECTEXTEND PRINT(.\Listings\Ti
                    -mer0.lst) TABS(2) OBJECT(.\Objects\Timer0.obj)

line level    source

   1          #include <REGX52.H>
   2          
   3          /**
   4            * @brief  ÂÆöÊó∂Âô®0ÁöÑÂàùÂßãÂåñ  1ÊØ´Áßí@12.000MHz
   5            * @param  Êó†
   6            * @retval Êó†
   7            */
   8          
   9          
  10          void Timer0Init(void)   //1ÊØ´Áßí@12.000MHz
  11          {
  12   1        TMOD &= 0xF0;   //ËÆæÁΩÆÂÆöÊó∂Âô®Ê®°Âºè
  13   1        TMOD |= 0x01;   //ËÆæÁΩÆÂÆöÊó∂Âô®Ê®°Âºè
  14   1        TL0 = 0x18;   //ËÆæÁΩÆÂÆöÊó∂ÂàùÂÄº
  15   1        TH0 = 0xFC;   //ËÆæÁΩÆÂÆöÊó∂ÂàùÂÄº
  16   1        TF0 = 0;    //Ê∏ÖÈô§TF0Ê†áÂøó
  17   1        TR0 = 1;    //ÂÆöÊó∂Âô®0ÂºÄÂßãËÆ°Êó∂
  18   1        ET0=1;
  19   1        EA=1;
  20   1        PT0=0; //‰Ωé‰ºòÂÖàÁ∫ß
  21   1      }
  22          
  23          
  24          
  25          
  26          
  27          /* Ê®°ÊùøÔºåÊØèÊ¨°‰ΩøÁî®Êó∂ÔºåÂèØ‰ª•Â§çÂà∂Âà∞main.c‰∏≠Âéª
  28          void Timer0_Routine() interrupt 1 //‰∏≠Êñ≠Â∞èÁ®ãÂ∫è
  29          {
  30            static unsigned int T0Count; //Â±ÄÈÉ®ÈùôÊÄÅÂèòÈáèÔºåÈò≤Ê≠¢ÂáΩÊï∞ÁªìÊùüÂêéÔºåËØ•ÂèòÈáèÁöÑÊï∞Ê∏ÖÈõ∂ÔºåÂØºËá
             -¥Êó†Ê≥ïÁ¥ØÂä†
  31            TL0 = 0x18;   //ËÆæÁΩÆÂÆöÊó∂ÂàùÂÄº
  32            TH0 = 0xFC;   //ËÆæÁΩÆÂÆöÊó∂ÂàùÂÄº
  33            T0Count++;
  34            if(T0Count>=1000){
  35                T0Count=0;
  36          P2_0=~P2_0; ‰∏çÂ§™ÂÆπÊòìÊ®°ÂùóÂåñÔºåÂ∫îËØ•ÊîæÂú®‰∏ªÂáΩÊï∞‰∏≠
  37            }
  38          //ÂáΩÊï∞ÂÜÖÈÉ®ÂèØ‰ª•ÂºïÁî®
  39          }
  40          */


MODULE INFORMATION:   STATIC OVERLAYABLE
   CODE SIZE        =     23    ----
   CONSTANT SIZE    =   ----    ----
   XDATA SIZE       =   ----    ----
   PDATA SIZE       =   ----    ----
   DATA SIZE        =   ----    ----
   IDATA SIZE       =   ----    ----
   BIT SIZE         =   ----    ----
END OF MODULE INFORMATION.


C51 COMPILATION COMPLETE.  0 WARNING(S),  0 ERROR(S)
