C51 COMPILER V9.54   MAIN                                                                  03/16/2024 11:19:39 PAGE 1   


C51 COMPILER V9.54, COMPILATION OF MODULE MAIN
OBJECT MODULE PLACED IN .\Objects\main.obj
COMPILER INVOKED BY: C:\Keil_v5\C51\BIN\C51.EXE main.c OPTIMIZE(8,SPEED) BROWSE DEBUG OBJECTEXTEND PRINT(.\Listings\main
                    -.lst) TABS(2) OBJECT(.\Objects\main.obj)

line level    source

   1          #include <REGX52.H>
   2          #include "Delay.h"
   3          #include "LCD1602.h"
   4          #include "ET2046.h"
   5          
   6          unsigned int ADValue;
   7          
   8          void main()
   9          {
  10   1        LCD_Init();
  11   1        LCD_ShowString(1,1,"ADJ NTC RG");
  12   1        //adj 热敏  ntc 滑动变阻 rg 光敏电阻
  13   1        while(1)
  14   1        {
  15   2          ADValue=ET2046_ReadAD(ET2046_XP_12); //读取AINO，可调电阻
  16   2          LCD_ShowNum(2,1,ADValue,3);           //显示AINO
  17   2          ADValue=ET2046_ReadAD(ET2046_YP_12);  //读取AIN1，热敏电阻
  18   2          LCD_ShowNum(2,5,ADValue,3);           //显示AIN1
  19   2          ADValue=ET2046_ReadAD(ET2046_VBAT_12); //读取AIN2，光敏电阻
  20   2          LCD_ShowNum(2,9,ADValue,3);             //显示AIN2
  21   2          Delay(10);
  22   2        }
  23   1      }


MODULE INFORMATION:   STATIC OVERLAYABLE
   CODE SIZE        =     94    ----
   CONSTANT SIZE    =     11    ----
   XDATA SIZE       =   ----    ----
   PDATA SIZE       =   ----    ----
   DATA SIZE        =      2    ----
   IDATA SIZE       =   ----    ----
   BIT SIZE         =   ----    ----
END OF MODULE INFORMATION.


C51 COMPILATION COMPLETE.  0 WARNING(S),  0 ERROR(S)
