C51 COMPILER V9.54   MAIN                                                                  03/16/2024 22:46:06 PAGE 1   


C51 COMPILER V9.54, COMPILATION OF MODULE MAIN
OBJECT MODULE PLACED IN .\Objects\main.obj
COMPILER INVOKED BY: C:\Keil_v5\C51\BIN\C51.EXE main.c OPTIMIZE(8,SPEED) BROWSE DEBUG OBJECTEXTEND PRINT(.\Listings\main
                    -.lst) TABS(2) OBJECT(.\Objects\main.obj)

line level    source

   1          #include <REGX52.H>
   2          #include "Delay.h"
   3          #include "Key.h"
   4          #include "Nixie.h"
   5          #include "Motor.h"
   6          #include "IR.h"
   7          unsigned char Command,Speed;
   8          
   9          void main()
  10          {
  11   1        
  12   1        Motor_Init();
  13   1        IR_Init();
  14   1        while(1)
  15   1        {
  16   2          if(IR_GetDataFlag())
  17   2          {
  18   3            Command=IR_GetCommand();
  19   3            
  20   3            if(Command==IR_0){Speed=0;}
  21   3            if(Command==IR_1){Speed=1;}
  22   3            if(Command==IR_2){Speed=2;}
  23   3            if(Command==IR_3){Speed=3;}
  24   3          }
  25   2          if(Speed==0){Motor_SetSpeed(0);} //设置比较值，改变PWM占空比
  26   2          if(Speed==1){Motor_SetSpeed(50);}
  27   2          if(Speed==2){Motor_SetSpeed(75);}
  28   2          if(Speed==3){Motor_SetSpeed(100);}
  29   2          Nixie(1,Speed);
  30   2        }
  31   1      }
  32          //Tips:电机刚开始转动是因为，MCU端口开始默认为高电平；所以我们一打开时，它
             -会转动
  33          


MODULE INFORMATION:   STATIC OVERLAYABLE
   CODE SIZE        =     96    ----
   CONSTANT SIZE    =   ----    ----
   XDATA SIZE       =   ----    ----
   PDATA SIZE       =   ----    ----
   DATA SIZE        =      2    ----
   IDATA SIZE       =   ----    ----
   BIT SIZE         =   ----    ----
END OF MODULE INFORMATION.


C51 COMPILATION COMPLETE.  0 WARNING(S),  0 ERROR(S)
