C51 COMPILER V9.54   MOTOR                                                                 03/16/2024 22:31:55 PAGE 1   


C51 COMPILER V9.54, COMPILATION OF MODULE MOTOR
OBJECT MODULE PLACED IN .\Objects\Motor.obj
COMPILER INVOKED BY: C:\Keil_v5\C51\BIN\C51.EXE Motor.c OPTIMIZE(8,SPEED) BROWSE DEBUG OBJECTEXTEND PRINT(.\Listings\Mot
                    -or.lst) TABS(2) OBJECT(.\Objects\Motor.obj)

line level    source

   1          #include <REGX52.H>
   2          #include "Timer1.h"
   3          
   4          sbit Motor=P1^0;//电机端口
   5          unsigned char Counter,Compare;//计数值和比较值，用于输出PWM
   6          
   7          void Motor_Init(void)
   8          {
   9   1        Timer1_Init();
  10   1      }
  11          
  12          void Motor_SetSpeed(unsigned char Speed)
  13          {
  14   1        Compare=Speed;
  15   1      }
  16          
  17          
  18          
  19          void Timer1_Routine() interrupt 3 //中断小程序
  20          {
  21   1        TL1 = 0x66;   //设置定时初值
  22   1        TH1 = 0xFC;   //设置定时初值
  23   1        Counter++;
  24   1        Counter%=100; // 效果等效于 if(Counter>=100){Counter=0;}
  25   1        if(Counter<Compare)
  26   1        {
  27   2          Motor=1;//电机在电平为1的时候，启动。
  28   2        }
  29   1        else
  30   1        {
  31   2          Motor=0;
  32   2        }
  33   1      }


MODULE INFORMATION:   STATIC OVERLAYABLE
   CODE SIZE        =     49    ----
   CONSTANT SIZE    =   ----    ----
   XDATA SIZE       =   ----    ----
   PDATA SIZE       =   ----    ----
   DATA SIZE        =      2    ----
   IDATA SIZE       =   ----    ----
   BIT SIZE         =   ----    ----
END OF MODULE INFORMATION.


C51 COMPILATION COMPLETE.  0 WARNING(S),  0 ERROR(S)
