C51 COMPILER V9.54   TIMER1                                                                03/16/2024 22:31:54 PAGE 1   


C51 COMPILER V9.54, COMPILATION OF MODULE TIMER1
OBJECT MODULE PLACED IN .\Objects\Timer1.obj
COMPILER INVOKED BY: C:\Keil_v5\C51\BIN\C51.EXE Timer1.c OPTIMIZE(8,SPEED) BROWSE DEBUG OBJECTEXTEND PRINT(.\Listings\Ti
                    -mer1.lst) TABS(2) OBJECT(.\Objects\Timer1.obj)

line level    source

   1          #include <REGX52.H>
   2          
   3          /**
   4            * @brief  å®šæ—¶å™¨1çš„åˆå§‹åŒ–  1æ¯«ç§’@12.000MHz
   5            * @param  æ— 
   6            * @retval æ— 
   7            */
   8          
   9          
  10          void Timer1_Init(void)    //1å¾®ç§’ç§’@12.000MHz
  11          {
  12   1        TMOD &= 0x0F;   //è®¾ç½®å®šæ—¶å™¨æ¨¡å¼
  13   1        TMOD |= 0x10;   //è®¾ç½®å®šæ—¶å™¨æ¨¡å¼
  14   1        TL1 = 0xAA;   //è®¾ç½®å®šæ—¶åˆå€¼
  15   1        TH1 = 0xAA;   //è®¾ç½®å®šæ—¶åˆå€¼
  16   1        TF1 = 0;    //æ¸…é™¤TF0æ ‡å¿—
  17   1        TR1 = 1;    //å®šæ—¶å™¨0å¼€å§‹è®¡æ—¶
  18   1        ET1=1;
  19   1        EA=1;
  20   1        PT1=0; //ä½Žä¼˜å…ˆçº§
  21   1      }
  22          
  23          
  24          
  25          
  26          
  27          /* æ¨¡æ¿ï¼Œæ¯æ¬¡ä½¿ç”¨æ—¶ï¼Œå¯ä»¥å¤åˆ¶åˆ°main.cä¸­åŽ»
  28          void Timer1_Routine() interrupt 3 //ä¸­æ–­å°ç¨‹åº
  29          {
  30            static unsigned int T1Count; //å±€éƒ¨é™æ€å˜é‡ï¼Œé˜²æ­¢å‡½æ•°ç»“æŸåŽï¼Œè¯¥å˜é‡çš„æ•°æ¸…é›¶ï¼Œå¯¼è‡
             -´æ— æ³•ç´¯åŠ 
  31            TL1 = 0x66;   //è®¾ç½®å®šæ—¶åˆå€¼
  32            TH1 = 0xFC;   //è®¾ç½®å®šæ—¶åˆå€¼
  33            T1Count++;
  34            if(T1Count>=1000){
  35                T1Count=0;
  36            }
  37          }
  38          */


MODULE INFORMATION:   STATIC OVERLAYABLE
   CODE SIZE        =     23    ----
   CONSTANT SIZE    =   ----    ----
   XDATA SIZE       =   ----    ----
   PDATA SIZE       =   ----    ----
   DATA SIZE        =   ----    ----
   IDATA SIZE       =   ----    ----
   BIT SIZE         =   ----    ----
END OF MODULE INFORMATION.


C51 COMPILATION COMPLETE.  0 WARNING(S),  0 ERROR(S)
