C51 COMPILER V9.54   MAIN                                                                  03/05/2024 15:08:37 PAGE 1   


C51 COMPILER V9.54, COMPILATION OF MODULE MAIN
OBJECT MODULE PLACED IN .\Objects\main.obj
COMPILER INVOKED BY: C:\Keil_v5\C51\BIN\C51.EXE main.c OPTIMIZE(8,SPEED) BROWSE DEBUG OBJECTEXTEND PRINT(.\Listings\main
                    -.lst) TABS(2) OBJECT(.\Objects\main.obj)

line level    source

   1          #include <REGX52.H>
   2          #include "Delay.h"
   3          #include "UART.h"
   4          unsigned char Num=0;
   5          
   6          void main()
   7          {
   8   1        UartInit();
   9   1        while(1)
  10   1        {
  11   2        
  12   2        }
  13   1      }
  14          
  15          
  16          //串口中断号为4 前面的函数可以随便命名，跟上中断号说明其是串口中断
  17          void UART_Routine() interrupt 4
  18          {
  19   1        //判断是发送中断
  20   1        if(RI==1)
  21   1        {
  22   2          P2=~SBUF; //读出来存入变量中
  23   2          UART_SendByte(SBUF); //写在中断中，不能即在主函数写，又在中断函数里面写 
  24   2          RI=0; //需要清零
  25   2        }
  26   1      
  27   1      }


MODULE INFORMATION:   STATIC OVERLAYABLE
   CODE SIZE        =     76    ----
   CONSTANT SIZE    =   ----    ----
   XDATA SIZE       =   ----    ----
   PDATA SIZE       =   ----    ----
   DATA SIZE        =      1    ----
   IDATA SIZE       =   ----    ----
   BIT SIZE         =   ----    ----
END OF MODULE INFORMATION.


C51 COMPILATION COMPLETE.  0 WARNING(S),  0 ERROR(S)
