C51 COMPILER V9.54   MAIN                                                                  03/16/2024 21:53:34 PAGE 1   


C51 COMPILER V9.54, COMPILATION OF MODULE MAIN
OBJECT MODULE PLACED IN .\Objects\main.obj
COMPILER INVOKED BY: C:\Keil_v5\C51\BIN\C51.EXE main.c OPTIMIZE(8,SPEED) BROWSE DEBUG OBJECTEXTEND PRINT(.\Listings\main
                    -.lst) TABS(2) OBJECT(.\Objects\main.obj)

line level    source

   1          #include <REGX52.H>
   2          #include "Delay.h"
   3          #include "LCD1602.h"
   4          #include "IR.h"
   5          
   6          
   7          unsigned char Num;
   8          unsigned int Address;
   9          unsigned char Command;
  10          
  11          void main()
  12          {
  13   1        LCD_Init();
  14   1        LCD_ShowString(1,1,"ADDR  CMD  NUM");
  15   1        LCD_ShowString(2,1,"00    00   000");
  16   1        
  17   1        IR_Init();
  18   1        
  19   1        while(1)
  20   1        {
  21   2          if(IR_GetDataFlag() || IR_GetRepeatFlag())
  22   2          {
  23   3            Address=IR_GetAddress();
  24   3            Command=IR_GetCommand();
  25   3            
  26   3            LCD_ShowHexNum(2,1,Address,2);
  27   3            LCD_ShowHexNum(2,7,Command,2);
  28   3            
  29   3            if(Command==0x15)
  30   3            {
  31   4              Num--;
  32   4            }
  33   3            if(Command==0x09)
  34   3            {
  35   4              Num++;
  36   4            }
  37   3            LCD_ShowNum(2,12,Num,3);
  38   3          }
  39   2        }
  40   1      }
  41          
  42          


MODULE INFORMATION:   STATIC OVERLAYABLE
   CODE SIZE        =    117    ----
   CONSTANT SIZE    =     30    ----
   XDATA SIZE       =   ----    ----
   PDATA SIZE       =   ----    ----
   DATA SIZE        =      4    ----
   IDATA SIZE       =   ----    ----
   BIT SIZE         =   ----    ----
END OF MODULE INFORMATION.


C51 COMPILATION COMPLETE.  0 WARNING(S),  0 ERROR(S)
