C51 COMPILER V9.54   MAIN                                                                  02/28/2024 12:29:32 PAGE 1   


C51 COMPILER V9.54, COMPILATION OF MODULE MAIN
OBJECT MODULE PLACED IN .\Objects\main.obj
COMPILER INVOKED BY: C:\Keil_v5\C51\BIN\C51.EXE main.c OPTIMIZE(8,SPEED) BROWSE DEBUG OBJECTEXTEND PRINT(.\Listings\main
                    -.lst) TABS(2) OBJECT(.\Objects\main.obj)

line level    source

   1          #include <REGX52.H>
   2          #include "LCD1602.h"
   3          #include "Delay.h"
   4          
   5          
   6          int result=0;
   7          void main()
   8          {
   9   1        LCD_Init();
  10   1        while(1)
  11   1        {
  12   2          LCD_ShowString(1,1,"bebe");
  13   2          Delay(1000);
  14   2          LCD_ShowString(1,1,"i_miss");
  15   2          Delay(1000);
  16   2          LCD_ShowString(1,1,"my_bebe");
  17   2          
  18   2        }
  19   1        
  20   1      }


MODULE INFORMATION:   STATIC OVERLAYABLE
   CODE SIZE        =     58    ----
   CONSTANT SIZE    =     20    ----
   XDATA SIZE       =   ----    ----
   PDATA SIZE       =   ----    ----
   DATA SIZE        =      2    ----
   IDATA SIZE       =   ----    ----
   BIT SIZE         =   ----    ----
END OF MODULE INFORMATION.


C51 COMPILATION COMPLETE.  0 WARNING(S),  0 ERROR(S)
