C51 COMPILER V9.54   MAIN                                                                  03/01/2024 14:15:04 PAGE 1   


C51 COMPILER V9.54, COMPILATION OF MODULE MAIN
OBJECT MODULE PLACED IN .\Objects\main.obj
COMPILER INVOKED BY: C:\Keil_v5\C51\BIN\C51.EXE main.c OPTIMIZE(8,SPEED) BROWSE DEBUG OBJECTEXTEND PRINT(.\Listings\main
                    -.lst) TABS(2) OBJECT(.\Objects\main.obj)

line level    source

   1          #include <REGX52.H>
   2          #include "Delay.h"
   3          #include "LCD1602.h"
   4          #include "Timer0.h"
   5          
   6          unsigned char Sec,Min,Hour; //秒
   7          
   8          void main()
   9          {
  10   1        LCD_Init();
  11   1        LCD_ShowString(1,1,"Clock:");
  12   1        LCD_ShowString(2,1,"  :  :");
  13   1        Timer0Init();
  14   1        while(1)
  15   1        {
  16   2          LCD_ShowNum(2,1,Hour,2);
  17   2          LCD_ShowNum(2,4,Min,2);
  18   2          LCD_ShowNum(2,7,Sec,2);
  19   2          
  20   2        }
  21   1      }
  22          
  23          //中断函数
  24          void Timer0_Routine() interrupt 1   
  25          {
  26   1        static unsigned int T0Count;
  27   1        TL0 = 0x18;   //设置定时初值
  28   1        TH0 = 0xFC;   //设置定时初值
  29   1        T0Count++;
  30   1        if(T0Count>=1000){
  31   2            T0Count=0;
  32   2            Sec++;    //加一秒 做简短的任务
  33   2            if(Sec>=60)
  34   2            {
  35   3              Sec=0;
  36   3              Min++;
  37   3              if(Min>=60)
  38   3              {
  39   4                Min=0;
  40   4                Hour++;
  41   4                if(Hour>=24)
  42   4                {
  43   5                  Hour=0;
  44   5                }
  45   4              }
  46   3              
  47   3            }
  48   2          
  49   2      
  50   2        }
  51   1      
  52   1      }


C51 COMPILER V9.54   MAIN                                                                  03/01/2024 14:15:04 PAGE 2   

MODULE INFORMATION:   STATIC OVERLAYABLE
   CODE SIZE        =    150    ----
   CONSTANT SIZE    =     14    ----
   XDATA SIZE       =   ----    ----
   PDATA SIZE       =   ----    ----
   DATA SIZE        =      5    ----
   IDATA SIZE       =   ----    ----
   BIT SIZE         =   ----    ----
END OF MODULE INFORMATION.


C51 COMPILATION COMPLETE.  0 WARNING(S),  0 ERROR(S)
