C51 COMPILER V9.54   LCD1602                                                               03/13/2024 22:13:48 PAGE 1   


C51 COMPILER V9.54, COMPILATION OF MODULE LCD1602
OBJECT MODULE PLACED IN .\Objects\LCD1602.obj
COMPILER INVOKED BY: C:\Keil_v5\C51\BIN\C51.EXE LCD1602.c OPTIMIZE(8,SPEED) BROWSE DEBUG OBJECTEXTEND PRINT(.\Listings\L
                    -CD1602.lst) TABS(2) OBJECT(.\Objects\LCD1602.obj)

line level    source

   1          #include <REGX52.H>
   2          
   3          //引脚定义
   4          sbit LCD_RS=P2^6;
   5          sbit LCD_RW=P2^5;
   6          sbit LCD_E=P2^7;
   7          #define LCD_DataPort P0
   8          
   9          /**
  10            * @brief  LCD1602延时函数，12MHZ调用可延时1ms  
  11            * @param  无
  12            * @retval 无
  13            */
  14          void LCD_Delay()    //@12.000MHz
  15          {
  16   1        unsigned char i, j;
  17   1      
  18   1        i = 2;
  19   1        j = 239;
  20   1        do
  21   1        {
  22   2          while (--j);
  23   2        } while (--i);
  24   1      }
  25          
  26          
  27          /**
  28            * @brief  LCD1602写命令  
  29            * @param  Command 要写入的命令
  30            * @retval 无
  31            */
  32          void LCD_WriteCommand(unsigned char Command)
  33          {
  34   1        LCD_RS=0;
  35   1        LCD_RW=0;
  36   1        LCD_DataPort=Command;
  37   1        LCD_E=1;
  38   1        LCD_Delay();
  39   1        LCD_E=0;
  40   1        LCD_Delay();
  41   1      }
  42          
  43          
  44          /**
  45            * @brief  LCD1602写入数据  
  46            * @param  Data 要写入的数据
  47            * @retval 无
  48            */
  49          void LCD_WriteData(unsigned char Data)
  50          {
  51   1        LCD_RS=1;
  52   1        LCD_RW=0;
  53   1        LCD_DataPort=Data;
  54   1        LCD_E=1;
C51 COMPILER V9.54   LCD1602                                                               03/13/2024 22:13:48 PAGE 2   

  55   1        LCD_Delay();
  56   1        LCD_E=0;
  57   1        LCD_Delay();
  58   1        
  59   1      }
  60          
  61          
  62          /**
  63            * @brief  LCD1602初始化  
  64            * @param  无
  65            * @retval 无
  66            */
  67          void LCD_Init()
  68          {
  69   1        LCD_WriteCommand(0x38);
  70   1        LCD_WriteCommand(0x0C);
  71   1        LCD_WriteCommand(0x06);
  72   1        LCD_WriteCommand(0x01);
  73   1      }
  74          
  75          /**
  76            * @brief  LCD1602设置光标位置  
  77            * @param  Line 行位置，范围：1~2
  78            * @param  Column 列位置，范围：1~16（可视范围）
  79            * @retval 
  80            */
  81          void LCD_SetCursor(unsigned char Line,unsigned char Column)
  82          {
  83   1        if(Line==1)
  84   1        {
  85   2          LCD_WriteCommand(0x80|(Column-1));    
  86   2        }
  87   1        else if(Line==2)
  88   1        {
  89   2          LCD_WriteCommand(0xC0|(Column-1));
  90   2        }
  91   1      }
  92          
  93          
  94          /**
  95          * @brief 在LCD1602指定位置上显示一个字符    
  96            * @param  Line 行位置，范围：1~2
  97            * @param  Column 列位置，范围：1~16（可视范围）
  98            * @Param  Char 要显示的字符
  99            * @retval 无
 100            */
 101          void LCD_ShowChar(unsigned char Line,unsigned char Column,unsigned char Char)
 102          {
 103   1        LCD_SetCursor(Line,Column);
 104   1        LCD_WriteData(Char);
 105   1      }
 106          
 107          
 108          /**
 109            * @brief 在LCD1602指定位置开始显示所给字符串      
 110            * @param  Line 行位置，范围：1~2
 111            * @param  Column 列位置，范围：1~16（可视范围）
 112            * @param  String 要显示的字符串
 113            * @retval 无
 114            */
 115          void LCD_ShowString(unsigned char Line,unsigned char Column,char *String)
 116          {
C51 COMPILER V9.54   LCD1602                                                               03/13/2024 22:13:48 PAGE 3   

 117   1        unsigned char i;
 118   1        LCD_SetCursor(Line,Column);
 119   1        for(i=0;String[i]!='\0';i++)
 120   1        {
 121   2          LCD_WriteData(String[i]);//一个个将字符串中的字符取出
 122   2        }
 123   1      }
 124          
 125          
 126          /**
 127            * @brief  返回值=x的y次方
 128            */
 129          int LCD_Pow(int x,int y)
 130          {
 131   1        unsigned char i;
 132   1        int Result=1;
 133   1        for(i=0;i<y;i++)
 134   1        {
 135   2          Result *= x;
 136   2        }
 137   1        return Result;
 138   1        
 139   1      }
 140          
 141          /**
 142            * @brief 在LCD1602指定位置开始显示所给数字     
 143            * @param  Line 行位置，范围：1~2
 144            * @param  Column 列位置，范围：1~16（可视范围）
 145            * @param  Number 要显示的数字，范围：0~65535
 146            * @param  Length 要显示数字的长度，范围：1~5
 147            * @retval 无
 148            */
 149          void LCD_ShowNum(unsigned char Line,unsigned char Column,unsigned int Number,unsigned char Length)
 150          {
 151   1        unsigned char i;
 152   1        LCD_SetCursor(Line,Column);
 153   1        for(i=Length;i>0;i--)
 154   1        {
 155   2          LCD_WriteData('0'+Number/LCD_Pow(10,i-1)%10);//把存数字转换为ASCII
 156   2        }
 157   1      }
 158          
 159          /**
 160            * @brief 在LCD1602指定位置开始以有符号十进制显示所给数字     
 161            * @param  Line 行位置，范围：1~2
 162            * @param  Column 列位置，范围：1~16（可视范围）
 163            * @param  Number 要显示的数字，范围：-32768~32767
 164            * @param  Length 要显示数字的长度，范围：1~5
 165            * @retval 无
 166            */
 167          void LCD_ShowSignedNum(unsigned char Line,unsigned char Column,int Number,unsigned char Length)
 168          {
 169   1        unsigned char i;
 170   1        unsigned int Number1;
 171   1        LCD_SetCursor(Line,Column);
 172   1        if(Number>0)
 173   1        {
 174   2          LCD_WriteData('+');
 175   2          Number1=Number;
 176   2        }
 177   1        else
 178   1        {
C51 COMPILER V9.54   LCD1602                                                               03/13/2024 22:13:48 PAGE 4   

 179   2          LCD_WriteData('-');
 180   2          Number1=-Number;//-Number又变为正数了
 181   2        }
 182   1        for(i=Length;i>0;i--)
 183   1        {
 184   2          LCD_WriteData('0'+Number1/LCD_Pow(10,i-1)%10);//把存数字转换为ASCII
 185   2        }
 186   1      }
 187          
 188          /**
 189            * @brief  在LCD1602指定位置开始以十六进制显示所给数字
 190            * @param  Line 起始行位置，范围：1~2
 191            * @param  Column 起始列位置，范围：1~16
 192            * @param  Number 要显示的数字，范围：0~0xFFFF
 193            * @param  Length 要显示数字的长度，范围：1~4
 194            * @retval 无
 195            */
 196          void LCD_ShowHexNum(unsigned char Line,unsigned char Column,unsigned int Number,unsigned char Length)
 197          {
 198   1        unsigned char i;
 199   1        unsigned char SingleNumber;
 200   1        LCD_SetCursor(Line,Column);
 201   1        for(i=Length;i>0;i--)
 202   1        {
 203   2          SingleNumber=Number/LCD_Pow(16,i-1)%16;
 204   2          if(SingleNumber<10)
 205   2          {
 206   3            LCD_WriteData('0'+SingleNumber);  
 207   3          }
 208   2          else
 209   2          {
 210   3            LCD_WriteData('A'+SingleNumber-10);//变为真正的偏移
 211   3          }
 212   2        }
 213   1      }
 214          
 215          
 216          /**
 217            * @brief  在LCD1602指定位置开始以二进制显示所给数字
 218            * @param  Line 起始行位置，范围：1~2
 219            * @param  Column 起始列位置，范围：1~16
 220            * @param  Number 要显示的数字，范围：0~1111 1111 1111 1111
 221            * @param  Length 要显示数字的长度，范围：1~16
 222            * @retval 无
 223            */
 224          void LCD_ShowBinNum(unsigned char Line,unsigned char Column,unsigned int Number,unsigned char Length)
 225          {
 226   1        unsigned char i;
 227   1        LCD_SetCursor(Line,Column);
 228   1        for(i=Length;i>0;i--)
 229   1        {
 230   2          LCD_WriteData('0'+Number/LCD_Pow(2,i-1)%2);//把存数字转换为ASCII
 231   2        }
 232   1        //传入的数据unsigned int Number 是为十六进制，不能直接传入十进制
 233   1      }


MODULE INFORMATION:   STATIC OVERLAYABLE
   CODE SIZE        =    397    ----
   CONSTANT SIZE    =   ----    ----
   XDATA SIZE       =   ----    ----
   PDATA SIZE       =   ----    ----
C51 COMPILER V9.54   LCD1602                                                               03/13/2024 22:13:48 PAGE 5   

   DATA SIZE        =   ----      29
   IDATA SIZE       =   ----    ----
   BIT SIZE         =   ----    ----
END OF MODULE INFORMATION.


C51 COMPILATION COMPLETE.  0 WARNING(S),  0 ERROR(S)
