C51 COMPILER V9.54   MAIN                                                                  03/01/2024 13:53:03 PAGE 1   


C51 COMPILER V9.54, COMPILATION OF MODULE MAIN
OBJECT MODULE PLACED IN .\Objects\main.obj
COMPILER INVOKED BY: C:\Keil_v5\C51\BIN\C51.EXE main.c OPTIMIZE(8,SPEED) BROWSE DEBUG OBJECTEXTEND PRINT(.\Listings\main
                    -.lst) TABS(2) OBJECT(.\Objects\main.obj)

line level    source

   1          #include <REGX52.H>
   2          #include "Timer0.h"
   3          #include "Key.h"
   4          #include <INTRINS.H>
   5          
   6          unsigned char KeyNum,LEDMode;
   7          
   8          void main()
   9          {
  10   1        P2=0xFE;
  11   1        Timer0Init();
  12   1        while(1)
  13   1        {
  14   2          KeyNum=Key();
  15   2          if(KeyNum)
  16   2          {
  17   3            if(KeyNum==1)
  18   3            {
  19   4              LEDMode++; //LEDMode在0 - 1之间来回切换
  20   4              if(LEDMode>=2){LEDMode=0;}
  21   4            }
  22   3          }
  23   2        }
  24   1      }
  25          
  26          
  27          void Timer0_Routine() interrupt 1   
  28          {
  29   1        static unsigned int T0Count;
  30   1        TL0 = 0x18;   //设置定时初值
  31   1        TH0 = 0xFC;   //设置定时初值
  32   1        T0Count++;
  33   1        if(T0Count>=1000){
  34   2            T0Count=0;
  35   2            if(LEDMode==0)
  36   2            {
  37   3              P2=_crol_(P2,1);//左移1位
  38   3            }
  39   2            if(LEDMode==1)
  40   2            {
  41   3              P2=_cror_(P2,1);//右移1位
  42   3            }
  43   2            
  44   2        }
  45   1      
  46   1      }


MODULE INFORMATION:   STATIC OVERLAYABLE
   CODE SIZE        =    116    ----
   CONSTANT SIZE    =   ----    ----
   XDATA SIZE       =   ----    ----
   PDATA SIZE       =   ----    ----
   DATA SIZE        =      4    ----
C51 COMPILER V9.54   MAIN                                                                  03/01/2024 13:53:03 PAGE 2   

   IDATA SIZE       =   ----    ----
   BIT SIZE         =   ----    ----
END OF MODULE INFORMATION.


C51 COMPILATION COMPLETE.  0 WARNING(S),  0 ERROR(S)
