C51 COMPILER V9.54   MAIN                                                                  02/28/2024 10:34:52 PAGE 1   


C51 COMPILER V9.54, COMPILATION OF MODULE MAIN
OBJECT MODULE PLACED IN .\Objects\main.obj
COMPILER INVOKED BY: C:\Keil_v5\C51\BIN\C51.EXE main.c OPTIMIZE(8,SPEED) BROWSE DEBUG OBJECTEXTEND PRINT(.\Listings\main
                    -.lst) TABS(2) OBJECT(.\Objects\main.obj)

line level    source

   1          
   2          #include <REGX52.H>
   3          
   4          #define AAA
   5          #ifdef AAA
   6          
   7          fwee
   8          
   9          #endif
  10          
  11          
  12          unsigned char NixieTable[]={0x3F,0x06,0x5B,0x4F,0x66,0x6D,0x7D,0x07,0x7F,0x6F};
*** ERROR C129 IN LINE 12 OF main.c: missing ';' before 'unsigned'
  13          
  14          void Delay(unsigned int xms)    //@12.000MHz
  15          {
  16            unsigned char i, j;
  17            while(xms--)
  18            {
  19              i = 2;
  20              j = 239;
  21              do
  22              {
  23                  while (--j);
  24              } while (--i);
  25              
  26            }
  27            
  28          }
  29          //延时函数
  30          
  31          
  32          void Nixie(unsigned char Location,unsigned char Number)
  33          {
  34            switch(Location)
  35            {
  36              case 1:P2_4=1;P2_3=1;P2_2=1;break;
  37              case 2:P2_4=1;P2_3=1;P2_2=0;break;
  38              case 3:P2_4=1;P2_3=0;P2_2=1;break;
  39              case 4:P2_4=1;P2_3=0;P2_2=0;break;
  40              case 5:P2_4=0;P2_3=1;P2_2=1;break;
  41              case 6:P2_4=0;P2_3=1;P2_2=0;break;
  42              case 7:P2_4=0;P2_3=0;P2_2=1;break;
  43              case 8:P2_4=0;P2_3=0;P2_2=0;break;
  44            }
  45            P0=NixieTable[Number];
  46            Delay(1);
  47            P0=0x00;
  48          }
  49          //使用函数将细节封装起来
  50          //使用全局变量数组，以功能快速索引到达最终目的。
  51          //优化程序结构
  52          
  53          
C51 COMPILER V9.54   MAIN                                                                  02/28/2024 10:34:52 PAGE 2   

  54          
  55          
  56          
  57          
  58          void main()
  59          {
  60            
  61            while(1)
  62            {
  63              Nixie(1,5);
  64          //    Delay(20);
  65              Nixie(2,2);
  66          //    Delay(20);
  67              Nixie(3,0);
  68          //    Delay(20);
  69            }
  70            
  71          
  72          }

C51 COMPILATION COMPLETE.  0 WARNING(S),  1 ERROR(S)
